Traceback (most recent call last):
  File "/home/codespace/.local/lib/python3.12/site-packages/jupyter_core/utils/__init__.py", line 154, in wrapped
    asyncio.get_running_loop()
RuntimeError: no running event loop

During handling of the above exception, another exception occurred:

Traceback (most recent call last):
  File "/usr/local/python/3.12.1/lib/python3.12/site-packages/jupyter_cache/executors/utils.py", line 58, in single_nb_execution
    executenb(
  File "/home/codespace/.local/lib/python3.12/site-packages/nbclient/client.py", line 1319, in execute
    return NotebookClient(nb=nb, resources=resources, km=km, **kwargs).execute()
           ^^^^^^^^^^^^^^^^^^^^^^^^^^^^^^^^^^^^^^^^^^^^^^^^^^^^^^^^^^^^^^^^^^^^^
  File "/home/codespace/.local/lib/python3.12/site-packages/jupyter_core/utils/__init__.py", line 158, in wrapped
    return loop.run_until_complete(inner)
           ^^^^^^^^^^^^^^^^^^^^^^^^^^^^^^
  File "/usr/local/python/3.12.1/lib/python3.12/asyncio/base_events.py", line 684, in run_until_complete
    return future.result()
           ^^^^^^^^^^^^^^^
  File "/home/codespace/.local/lib/python3.12/site-packages/nbclient/client.py", line 709, in async_execute
    await self.async_execute_cell(
  File "/home/codespace/.local/lib/python3.12/site-packages/nbclient/client.py", line 1062, in async_execute_cell
    await self._check_raise_for_error(cell, cell_index, exec_reply)
  File "/home/codespace/.local/lib/python3.12/site-packages/nbclient/client.py", line 918, in _check_raise_for_error
    raise CellExecutionError.from_cell_and_msg(cell, exec_reply_content)
nbclient.exceptions.CellExecutionError: An error occurred while executing the following cell:
------------------
import os
import pandas as pd
from utils.feature_extraction import create_dataset

def main():
    output_csv = "data/voice_dataset.csv"

    if not os.path.exists(output_csv):
        print("[INFO] Dataset belum ditemukan, sedang dibuat...")
        df = create_dataset(output_csv=output_csv)
    else:
        df = pd.read_csv(output_csv)
        print(f"[INFO] Dataset sudah ada: {output_csv} ({len(df)} sampel)")

    print("[INFO] Contoh 5 baris dataset:")
    print(df.head())

    print("[INFO] Kolom dataset:")
    print(df.columns.tolist())

    # Pastikan kolom numerik untuk fitur
    feature_cols = [col for col in df.columns if col.startswith("mfcc")]
    df[feature_cols] = df[feature_cols].apply(pd.to_numeric, errors="coerce").fillna(0)

    print(f"[INFO] Dataset siap digunakan dengan {len(feature_cols)} fitur.")

if __name__ == "__main__":
    main()
------------------


[31m---------------------------------------------------------------------------[39m
[31mModuleNotFoundError[39m                       Traceback (most recent call last)
[36mCell[39m[36m [39m[32mIn[1][39m[32m, line 3[39m
[32m      1[39m [38;5;28;01mimport[39;00m[38;5;250m [39m[34;01mos[39;00m
[32m      2[39m [38;5;28;01mimport[39;00m[38;5;250m [39m[34;01mpandas[39;00m[38;5;250m [39m[38;5;28;01mas[39;00m[38;5;250m [39m[34;01mpd[39;00m
[32m----> [39m[32m3[39m [38;5;28;01mfrom[39;00m[38;5;250m [39m[34;01mutils[39;00m[34;01m.[39;00m[34;01mfeature_extraction[39;00m[38;5;250m [39m[38;5;28;01mimport[39;00m create_dataset
[32m      5[39m [38;5;28;01mdef[39;00m[38;5;250m [39m[34mmain[39m():
[32m      6[39m     output_csv = [33m"[39m[33mdata/voice_dataset.csv[39m[33m"[39m

[31mModuleNotFoundError[39m: No module named 'utils'

